\BOOKMARK [1][-]{section*.1}{ВВЕДЕНИЕ}{}% 1
\BOOKMARK [1][-]{section.1}{Описание и анализ предметной области}{}% 2
\BOOKMARK [2][-]{subsection.1.1}{Организационная структура САО РАН}{section.1}% 3
\BOOKMARK [2][-]{subsection.1.2}{Описание процессов}{section.1}% 4
\BOOKMARK [2][-]{subsection.1.3}{Формирование математической модели проблемы}{section.1}% 5
\BOOKMARK [2][-]{subsection.1.4}{Полная постановка задачи ВКР}{section.1}% 6
\BOOKMARK [1][-]{section.2}{Оптимизация и реинжиниринг бизнес-процессов}{}% 7
\BOOKMARK [2][-]{subsection.2.1}{Оптимизация математической модели}{section.2}% 8
\BOOKMARK [2][-]{subsection.2.2}{Реинжиниринг бизнес-процессов}{section.2}% 9
\BOOKMARK [1][-]{section.3}{Проектирование информационной системы}{}% 10
\BOOKMARK [2][-]{subsection.3.1}{Формирование параметров и требований к ИС}{section.3}% 11
\BOOKMARK [2][-]{subsection.3.2}{Сравнение аналогов}{section.3}% 12
\BOOKMARK [3][-]{subsubsection.3.2.1}{Medium}{subsection.3.2}% 13
\BOOKMARK [3][-]{subsubsection.3.2.2}{Хабр}{subsection.3.2}% 14
\BOOKMARK [3][-]{subsubsection.3.2.3}{Blogger}{subsection.3.2}% 15
\BOOKMARK [2][-]{subsection.3.3}{Проектирование информационной системы}{section.3}% 16
\BOOKMARK [1][-]{section.4}{Реализация информационной системы}{}% 17
\BOOKMARK [1][-]{section.5}{Социальная значимость разработки}{}% 18
\BOOKMARK [1][-]{section.6}{Технико-экономическое обоснование разработки}{}% 19
\BOOKMARK [2][-]{subsection.6.1}{Описание целесообразности проектирования с точки зрения объекта}{section.6}% 20
\BOOKMARK [2][-]{subsection.6.2}{Расчет затрат на разработку}{section.6}% 21
\BOOKMARK [1][-]{section.7}{Безопасность и экологичность разработки}{}% 22
\BOOKMARK [1][-]{section*.27}{ЗАКЛЮЧЕНИЕ}{}% 23
\BOOKMARK [1][-]{section*.27}{СПИСОК ИСПОЛЬЗОВАННЫХ ИСТОЧНИКОВ}{}% 24
